  UnitTest.cpp
D:\Frontend developer\Javascripts\dna.cpp\UnitTest\LinkedList.h(9,2): error C2143: syntax error: missing ';' before 'identifier'
D:\Frontend developer\Javascripts\dna.cpp\UnitTest\LinkedList.h(9,23): error C4430: missing type specifier - int assumed. Note: C++ does not support default-int
D:\Frontend developer\Javascripts\dna.cpp\UnitTest\LinkedList.h(31,2): error C2143: syntax error: missing ';' before 'identifier'
D:\Frontend developer\Javascripts\dna.cpp\UnitTest\LinkedList.h(15,1): error C2143: syntax error: missing ';' before 'public'
D:\Frontend developer\Javascripts\dna.cpp\UnitTest\LinkedList.h(31): message : see reference to class template instantiation 'LinkedList<T>' being compiled
D:\Frontend developer\Javascripts\dna.cpp\UnitTest\LinkedList.h(15,1): error C4430: missing type specifier - int assumed. Note: C++ does not support default-int
D:\Frontend developer\Javascripts\dna.cpp\UnitTest\LinkedList.h(31,23): error C4430: missing type specifier - int assumed. Note: C++ does not support default-int
D:\Frontend developer\Javascripts\dna.cpp\UnitTest\LinkedList.h(31,2): error C2086: 'int ​​​​​​​': redefinition
D:\Frontend developer\Javascripts\dna.cpp\UnitTest\LinkedList.h(9): message : see declaration of '​​​​​​​'
D:\Frontend developer\Javascripts\dna.cpp\UnitTest\LinkedList.h(45,9): error C2143: syntax error: missing ';' before ''template<''
D:\Frontend developer\Javascripts\dna.cpp\UnitTest\LinkedList.h(45,9): error C4430: missing type specifier - int assumed. Note: C++ does not support default-int
D:\Frontend developer\Javascripts\dna.cpp\UnitTest\LinkedList.h(40,2): error C2086: 'int ​​​​​​​': redefinition
D:\Frontend developer\Javascripts\dna.cpp\UnitTest\LinkedList.h(9): message : see declaration of '​​​​​​​'
D:\Frontend developer\Javascripts\dna.cpp\UnitTest\LinkedList.h(58,9): error C2143: syntax error: missing ';' before ''template<''
D:\Frontend developer\Javascripts\dna.cpp\UnitTest\LinkedList.h(58,9): error C4430: missing type specifier - int assumed. Note: C++ does not support default-int
D:\Frontend developer\Javascripts\dna.cpp\UnitTest\LinkedList.h(53,2): error C2086: 'int ​​​​​​​': redefinition
D:\Frontend developer\Javascripts\dna.cpp\UnitTest\LinkedList.h(9): message : see declaration of '​​​​​​​'
D:\Frontend developer\Javascripts\dna.cpp\UnitTest\LinkedList.h(66,9): error C2143: syntax error: missing ';' before ''template<''
D:\Frontend developer\Javascripts\dna.cpp\UnitTest\LinkedList.h(66,9): error C4430: missing type specifier - int assumed. Note: C++ does not support default-int
D:\Frontend developer\Javascripts\dna.cpp\UnitTest\LinkedList.h(62,2): error C2086: 'int ​​​​​​​': redefinition
D:\Frontend developer\Javascripts\dna.cpp\UnitTest\LinkedList.h(9): message : see declaration of '​​​​​​​'
D:\Frontend developer\Javascripts\dna.cpp\UnitTest\LinkedList.h(75,9): error C2143: syntax error: missing ';' before ''template<''
D:\Frontend developer\Javascripts\dna.cpp\UnitTest\LinkedList.h(75,9): error C4430: missing type specifier - int assumed. Note: C++ does not support default-int
D:\Frontend developer\Javascripts\dna.cpp\UnitTest\LinkedList.h(70,2): error C2086: 'int ​​​​​​​': redefinition
D:\Frontend developer\Javascripts\dna.cpp\UnitTest\LinkedList.h(9): message : see declaration of '​​​​​​​'
D:\Frontend developer\Javascripts\dna.cpp\UnitTest\LinkedList.h(91,9): error C2143: syntax error: missing ';' before ''template<''
D:\Frontend developer\Javascripts\dna.cpp\UnitTest\LinkedList.h(91,9): error C4430: missing type specifier - int assumed. Note: C++ does not support default-int
D:\Frontend developer\Javascripts\dna.cpp\UnitTest\LinkedList.h(86,2): error C2086: 'int ​​​​​​​': redefinition
D:\Frontend developer\Javascripts\dna.cpp\UnitTest\LinkedList.h(9): message : see declaration of '​​​​​​​'
D:\Frontend developer\Javascripts\dna.cpp\UnitTest\LinkedList.h(108,9): error C2143: syntax error: missing ';' before ''template<''
D:\Frontend developer\Javascripts\dna.cpp\UnitTest\LinkedList.h(108,9): error C4430: missing type specifier - int assumed. Note: C++ does not support default-int
D:\Frontend developer\Javascripts\dna.cpp\UnitTest\LinkedList.h(105,2): error C2086: 'int ​​​​​​​': redefinition
D:\Frontend developer\Javascripts\dna.cpp\UnitTest\LinkedList.h(9): message : see declaration of '​​​​​​​'
D:\Frontend developer\Javascripts\dna.cpp\UnitTest\LinkedList.h(124,9): error C2143: syntax error: missing ';' before ''template<''
D:\Frontend developer\Javascripts\dna.cpp\UnitTest\LinkedList.h(124,9): error C4430: missing type specifier - int assumed. Note: C++ does not support default-int
D:\Frontend developer\Javascripts\dna.cpp\UnitTest\LinkedList.h(121,6): error C2086: 'int ​​​​​​​': redefinition
D:\Frontend developer\Javascripts\dna.cpp\UnitTest\LinkedList.h(9): message : see declaration of '​​​​​​​'
D:\Frontend developer\Javascripts\dna.cpp\UnitTest\UnitTest.cpp(6,1): error C4430: missing type specifier - int assumed. Note: C++ does not support default-int
D:\Frontend developer\Javascripts\dna.cpp\UnitTest\LinkedList.h(133,10): error C2086: 'int ​​​​​​​': redefinition
D:\Frontend developer\Javascripts\dna.cpp\UnitTest\LinkedList.h(9): message : see declaration of '​​​​​​​'
D:\Frontend developer\Javascripts\dna.cpp\UnitTest\LinkedList.h(134,1): error C2146: syntax error: missing ';' before identifier '​​​​​​​'
D:\Frontend developer\Javascripts\dna.cpp\UnitTest\UnitTest.cpp(19,13): error C2653: 'Assert': is not a class or namespace name
D:\Frontend developer\Javascripts\dna.cpp\UnitTest\UnitTest.cpp(19,21): error C3861: 'IsTrue': identifier not found
D:\Frontend developer\Javascripts\dna.cpp\UnitTest\UnitTest.cpp(30,13): error C2653: 'Assert': is not a class or namespace name
D:\Frontend developer\Javascripts\dna.cpp\UnitTest\UnitTest.cpp(30,21): error C3861: 'AreEqual': identifier not found
D:\Frontend developer\Javascripts\dna.cpp\UnitTest\UnitTest.cpp(46,13): error C2653: 'Assert': is not a class or namespace name
D:\Frontend developer\Javascripts\dna.cpp\UnitTest\UnitTest.cpp(46,21): error C3861: 'AreEqual': identifier not found
D:\Frontend developer\Javascripts\dna.cpp\UnitTest\UnitTest.cpp(51,13): error C2653: 'Assert': is not a class or namespace name
D:\Frontend developer\Javascripts\dna.cpp\UnitTest\UnitTest.cpp(51,21): error C2065: 'ExpectException': undeclared identifier
D:\Frontend developer\Javascripts\dna.cpp\UnitTest\UnitTest.cpp(51,42): error C2275: 'std::out_of_range': illegal use of this type as an expression
D:\Frontend developer\Javascripts\dna.cpp\UnitTest\UnitTest.cpp(51): message : see declaration of 'std::out_of_range'
D:\Frontend developer\Javascripts\dna.cpp\UnitTest\UnitTest.cpp(63,13): error C2653: 'Assert': is not a class or namespace name
D:\Frontend developer\Javascripts\dna.cpp\UnitTest\UnitTest.cpp(63,21): error C3861: 'AreEqual': identifier not found
